[debug] [2022-05-18T09:32:55.246Z] ----------------------------------------------------------------------
[debug] [2022-05-18T09:32:55.248Z] Command:       /usr/local/bin/firebase /Users/christinetang/.cache/firebase/tools/lib/node_modules/firebase-tools/lib/bin/firebase init
[debug] [2022-05-18T09:32:55.248Z] CLI Version:   10.1.1
[debug] [2022-05-18T09:32:55.248Z] Platform:      darwin
[debug] [2022-05-18T09:32:55.248Z] Node Version:  v12.18.1
[debug] [2022-05-18T09:32:55.250Z] Time:          Wed May 18 2022 02:32:55 GMT-0700 (Pacific Daylight Time)
[debug] [2022-05-18T09:32:55.250Z] ----------------------------------------------------------------------
[debug] 
[debug] [2022-05-18T09:32:55.308Z] > command requires scopes: ["email","openid","https://www.googleapis.com/auth/cloudplatformprojects.readonly","https://www.googleapis.com/auth/firebase","https://www.googleapis.com/auth/cloud-platform"]
[debug] [2022-05-18T09:32:55.309Z] > authorizing via signed-in user (ctang16@uw.edu)
[info] 
     ######## #### ########  ######## ########     ###     ######  ########
     ##        ##  ##     ## ##       ##     ##  ##   ##  ##       ##
     ######    ##  ########  ######   ########  #########  ######  ######
     ##        ##  ##    ##  ##       ##     ## ##     ##       ## ##
     ##       #### ##     ## ######## ########  ##     ##  ######  ########

You're about to initialize a Firebase project in this directory:

  /Users/christinetang/Desktop/d-team

Before we get started, keep in mind:

  * You are initializing within an existing Firebase project directory

[info] 
=== Project Setup
[info] 
[info] First, let's associate this project directory with a Firebase project.
[info] You can create multiple project aliases by running firebase use --add, 
[info] but for now we'll just set up a default project.
[info] 
[debug] [2022-05-18T09:32:58.970Z] Using project from CLI flag: dawgs-e-cycling
[debug] [2022-05-18T09:32:58.972Z] > refreshing access token with scopes: []
[debug] [2022-05-18T09:32:58.973Z] >>> HTTP REQUEST POST https://www.googleapis.com/oauth2/v3/token  
 <request body omitted>
[debug] [2022-05-18T09:32:59.082Z] <<< HTTP RESPONSE 200 {"date":"Wed, 18 May 2022 09:32:59 GMT","cache-control":"no-cache, no-store, max-age=0, must-revalidate","pragma":"no-cache","expires":"Mon, 01 Jan 1990 00:00:00 GMT","content-type":"application/json; charset=utf-8","vary":"X-Origin, Referer, Origin,Accept-Encoding","server":"scaffolding on HTTPServer2","x-xss-protection":"0","x-frame-options":"SAMEORIGIN","x-content-type-options":"nosniff","alt-svc":"h3=\":443\"; ma=2592000,h3-29=\":443\"; ma=2592000,h3-Q050=\":443\"; ma=2592000,h3-Q046=\":443\"; ma=2592000,h3-Q043=\":443\"; ma=2592000,quic=\":443\"; ma=2592000; v=\"46,43\"","accept-ranges":"none","transfer-encoding":"chunked"}
[debug] [2022-05-18T09:32:59.133Z] >>> [apiv2][query] GET https://firebase.googleapis.com/v1beta1/projects/dawgs-e-cycling [none]
[debug] [2022-05-18T09:32:59.376Z] <<< [apiv2][status] GET https://firebase.googleapis.com/v1beta1/projects/dawgs-e-cycling 403
[debug] [2022-05-18T09:32:59.376Z] <<< [apiv2][body] GET https://firebase.googleapis.com/v1beta1/projects/dawgs-e-cycling {"error":{"code":403,"message":"The caller does not have permission","status":"PERMISSION_DENIED"}}
[debug] [2022-05-18T09:32:59.377Z] HTTP Error: 403, The caller does not have permission
[debug] [2022-05-18T09:32:59.420Z] FirebaseError: HTTP Error: 403, The caller does not have permission
    at module.exports (/Users/christinetang/.cache/firebase/tools/lib/node_modules/firebase-tools/lib/responseToError.js:38:12)
    at Client.doRequest (/Users/christinetang/.cache/firebase/tools/lib/node_modules/firebase-tools/lib/apiv2.js:241:23)
    at processTicksAndRejections (internal/process/task_queues.js:97:5)
    at async Client.request (/Users/christinetang/.cache/firebase/tools/lib/node_modules/firebase-tools/lib/apiv2.js:96:20)
    at async getFirebaseProject (/Users/christinetang/.cache/firebase/tools/lib/node_modules/firebase-tools/lib/management/projects.js:290:21)
    at async Object.doSetup [as project] (/Users/christinetang/.cache/firebase/tools/lib/node_modules/firebase-tools/lib/init/features/project.js:85:27)
    at async init (/Users/christinetang/.cache/firebase/tools/lib/node_modules/firebase-tools/lib/init/index.js:19:9)
[error] 
[error] Error: Failed to get Firebase project dawgs-e-cycling. Please make sure the project exists and your account has permission to access it.
[debug] [2022-05-18T09:34:21.858Z] ----------------------------------------------------------------------
[debug] [2022-05-18T09:34:21.861Z] Command:       /usr/local/bin/firebase /Users/christinetang/.cache/firebase/tools/lib/node_modules/firebase-tools/lib/bin/firebase init
[debug] [2022-05-18T09:34:21.862Z] CLI Version:   10.1.1
[debug] [2022-05-18T09:34:21.862Z] Platform:      darwin
[debug] [2022-05-18T09:34:21.862Z] Node Version:  v12.18.1
[debug] [2022-05-18T09:34:21.870Z] Time:          Wed May 18 2022 02:34:21 GMT-0700 (Pacific Daylight Time)
[debug] [2022-05-18T09:34:21.871Z] ----------------------------------------------------------------------
[debug] 
[debug] [2022-05-18T09:34:21.936Z] > command requires scopes: ["email","openid","https://www.googleapis.com/auth/cloudplatformprojects.readonly","https://www.googleapis.com/auth/firebase","https://www.googleapis.com/auth/cloud-platform"]
[debug] [2022-05-18T09:34:21.937Z] > authorizing via signed-in user (ctang16@uw.edu)
[info] 
     ######## #### ########  ######## ########     ###     ######  ########
     ##        ##  ##     ## ##       ##     ##  ##   ##  ##       ##
     ######    ##  ########  ######   ########  #########  ######  ######
     ##        ##  ##    ##  ##       ##     ## ##     ##       ## ##
     ##       #### ##     ## ######## ########  ##     ##  ######  ########

You're about to initialize a Firebase project in this directory:

  /Users/christinetang/Desktop/d-team

Before we get started, keep in mind:

  * You are initializing within an existing Firebase project directory

[info] 
=== Project Setup
[info] 
[info] First, let's associate this project directory with a Firebase project.
[info] You can create multiple project aliases by running firebase use --add, 
[info] but for now we'll just set up a default project.
[info] 
[debug] [2022-05-18T09:34:42.405Z] Using project from CLI flag: dawgs-e-cycling
[debug] [2022-05-18T09:34:42.411Z] >>> [apiv2][query] GET https://firebase.googleapis.com/v1beta1/projects/dawgs-e-cycling [none]
[debug] [2022-05-18T09:34:42.668Z] <<< [apiv2][status] GET https://firebase.googleapis.com/v1beta1/projects/dawgs-e-cycling 403
[debug] [2022-05-18T09:34:42.668Z] <<< [apiv2][body] GET https://firebase.googleapis.com/v1beta1/projects/dawgs-e-cycling {"error":{"code":403,"message":"The caller does not have permission","status":"PERMISSION_DENIED"}}
[debug] [2022-05-18T09:34:42.669Z] HTTP Error: 403, The caller does not have permission
[debug] [2022-05-18T09:34:42.721Z] FirebaseError: HTTP Error: 403, The caller does not have permission
    at module.exports (/Users/christinetang/.cache/firebase/tools/lib/node_modules/firebase-tools/lib/responseToError.js:38:12)
    at Client.doRequest (/Users/christinetang/.cache/firebase/tools/lib/node_modules/firebase-tools/lib/apiv2.js:241:23)
    at processTicksAndRejections (internal/process/task_queues.js:97:5)
    at async Client.request (/Users/christinetang/.cache/firebase/tools/lib/node_modules/firebase-tools/lib/apiv2.js:96:20)
    at async getFirebaseProject (/Users/christinetang/.cache/firebase/tools/lib/node_modules/firebase-tools/lib/management/projects.js:290:21)
    at async Object.doSetup [as project] (/Users/christinetang/.cache/firebase/tools/lib/node_modules/firebase-tools/lib/init/features/project.js:85:27)
    at async init (/Users/christinetang/.cache/firebase/tools/lib/node_modules/firebase-tools/lib/init/index.js:19:9)
[error] 
[error] Error: Failed to get Firebase project dawgs-e-cycling. Please make sure the project exists and your account has permission to access it.
